<?xml version="1.0" encoding="UTF-8"?>
<testsuites name="jest tests" tests="1" failures="0" time="2.158">
  <testsuite name="Dependency Injection" errors="0" failures="0" skipped="0" timestamp="2020-04-02T17:47:59" time="1.582" tests="1">
    <testcase classname="Dependency Injection" name="clear instances if provider is overwritten" time="0.003" file="tests/di.spec.ts">
    </testcase>
  </testsuite>
</testsuites>